#
# There is insufficient memory for the Java Runtime Environment to continue.
# Native memory allocation (malloc) failed to allocate 625296 bytes for Chunk::new
# Possible reasons:
#   The system is out of physical RAM or swap space
#   The process is running with CompressedOops enabled, and the Java Heap may be blocking the growth of the native heap
# Possible solutions:
#   Reduce memory load on the system
#   Increase physical memory or swap space
#   Check if swap backing store is full
#   Decrease Java heap size (-Xmx/-Xms)
#   Decrease number of Java threads
#   Decrease Java thread stack sizes (-Xss)
#   Set larger code cache with -XX:ReservedCodeCacheSize=
#   JVM is running with Unscaled Compressed Oops mode in which the Java heap is
#     placed in the first 4GB address space. The Java Heap base address is the
#     maximum limit for the native heap growth. Please use -XX:HeapBaseMinAddress
#     to set the Java Heap base and to place the Java Heap above 4GB virtual address.
# This output file may be truncated or incomplete.
#
#  Out of Memory Error (allocation.cpp:389), pid=22392, tid=0x0000000000004360
#
# JRE version: Java(TM) SE Runtime Environment (8.0_211-b12) (build 1.8.0_211-b12)
# Java VM: Java HotSpot(TM) 64-Bit Server VM (25.211-b12 mixed mode windows-amd64 compressed oops)
# Failed to write core dump. Minidumps are not enabled by default on client versions of Windows
#

---------------  T H R E A D  ---------------

Current thread (0x0000000017ad6000):  JavaThread "C2 CompilerThread1" daemon [_thread_in_native, id=17248, stack(0x0000000019230000,0x0000000019330000)]

Stack: [0x0000000019230000,0x0000000019330000]
[error occurred during error reporting (printing stack bounds), id 0xc0000005]

Native frames: (J=compiled Java code, j=interpreted, Vv=VM code, C=native code)


Current CompileTask:
C2:  47761 3131       4       java.util.regex.Matcher::match (109 bytes)


---------------  P R O C E S S  ---------------

Java Threads: ( => current thread )
  0x000000001ee9c000 JavaThread "Timer-3" [_thread_blocked, id=21540, stack(0x0000000025350000,0x0000000025450000)]
  0x000000001ee95800 JavaThread "Timer-2" [_thread_blocked, id=3220, stack(0x0000000025250000,0x0000000025350000)]
  0x000000001ee9b800 JavaThread "Thread-316" daemon [_thread_blocked, id=368, stack(0x0000000024d50000,0x0000000024e50000)]
  0x000000001ee97800 JavaThread "Timer-1" daemon [_thread_blocked, id=9960, stack(0x0000000023110000,0x0000000023210000)]
  0x00000000194e5800 JavaThread "Prism Font Disposer" daemon [_thread_blocked, id=6988, stack(0x0000000022610000,0x0000000022710000)]
  0x000000001eca4000 JavaThread "Timer-0" [_thread_blocked, id=18508, stack(0x0000000020600000,0x0000000020700000)]
  0x000000001ec9b800 JavaThread "Media Resource Disposer" daemon [_thread_blocked, id=2584, stack(0x0000000020500000,0x0000000020600000)]
  0x000000001ec45800 JavaThread "JFXMedia Player EventQueueThread" daemon [_thread_blocked, id=8216, stack(0x000000001f9f0000,0x000000001faf0000)]
  0x000000001eb81800 JavaThread "Thread-3" daemon [_thread_in_native, id=14268, stack(0x000000001f310000,0x000000001f410000)]
  0x000000001980d000 JavaThread "JavaFX Application Thread" [_thread_in_native, id=22196, stack(0x000000001a140000,0x000000001a240000)]
  0x0000000019809800 JavaThread "Thread-2" daemon [_thread_blocked, id=6316, stack(0x000000001a040000,0x000000001a140000)]
  0x00000000197ea800 JavaThread "QuantumRenderer-0" daemon [_thread_blocked, id=13284, stack(0x0000000019d90000,0x0000000019e90000)]
  0x000000001978f800 JavaThread "JavaFX-Launcher" [_thread_blocked, id=21192, stack(0x0000000019a30000,0x0000000019b30000)]
  0x0000000019468800 JavaThread "Service Thread" daemon [_thread_blocked, id=16796, stack(0x0000000019830000,0x0000000019930000)]
  0x0000000017ada000 JavaThread "C1 CompilerThread2" daemon [_thread_blocked, id=6636, stack(0x0000000019330000,0x0000000019430000)]
=>0x0000000017ad6000 JavaThread "C2 CompilerThread1" daemon [_thread_in_native, id=17248, stack(0x0000000019230000,0x0000000019330000)]
  0x0000000017acf000 JavaThread "C2 CompilerThread0" daemon [_thread_blocked, id=22408, stack(0x0000000019130000,0x0000000019230000)]
  0x0000000017acd000 JavaThread "Attach Listener" daemon [_thread_blocked, id=18780, stack(0x0000000019030000,0x0000000019130000)]
  0x0000000017acb800 JavaThread "Signal Dispatcher" daemon [_thread_blocked, id=11032, stack(0x0000000018f30000,0x0000000019030000)]
  0x0000000017aba800 JavaThread "Finalizer" daemon [_thread_blocked, id=21692, stack(0x0000000018d30000,0x0000000018e30000)]
  0x0000000002f20000 JavaThread "Reference Handler" daemon [_thread_blocked, id=14828, stack(0x0000000018c30000,0x0000000018d30000)]
  0x00000000014be000 JavaThread "main" [_thread_blocked, id=7980, stack(0x0000000002d10000,0x0000000002e10000)]

Other Threads:
  0x0000000017a98000 VMThread [stack: 0x0000000018b30000,0x0000000018c30000] [id=13552]
  0x000000001947b800 WatcherThread [stack: 0x0000000019930000,0x0000000019a30000] [id=15440]

VM state:not at safepoint (normal execution)

VM Mutex/Monitor currently owned by a thread: None

heap address: 0x0000000081400000, size: 2028 MB, Compressed Oops mode: 32-bit
Narrow klass base: 0x0000000000000000, Narrow klass shift: 3
Compressed class space size: 1073741824 Address: 0x0000000100000000

Heap:
 PSYoungGen      total 42496K, used 26846K [0x00000000d5c00000, 0x00000000d9180000, 0x0000000100000000)
  eden space 31232K, 84% used [0x00000000d5c00000,0x00000000d75b7838,0x00000000d7a80000)
  from space 11264K, 4% used [0x00000000d8600000,0x00000000d8680000,0x00000000d9100000)
  to   space 11776K, 0% used [0x00000000d7a80000,0x00000000d7a80000,0x00000000d8600000)
 ParOldGen       total 87552K, used 12986K [0x0000000081400000, 0x0000000086980000, 0x00000000d5c00000)
  object space 87552K, 14% used [0x0000000081400000,0x00000000820aead0,0x0000000086980000)
 Metaspace       used 16510K, capacity 17146K, committed 17280K, reserved 1064960K
  class space    used 2182K, capacity 2365K, committed 2432K, reserved 1048576K

Card table byte_map: [0x00000000122f0000,0x00000000126f0000] byte_map_base: 0x0000000011ee6000

Marking Bits: (ParMarkBitMap*) 0x0000000059775ce0
 Begin Bits: [0x0000000012da0000, 0x0000000014d50000)
 End Bits:   [0x0000000014d50000, 0x0000000016d00000)

Polling page: 0x0000000001490000

CodeCache: size=245760Kb used=9085Kb max_used=9085Kb free=236674Kb
 bounds [0x0000000002f30000, 0x0000000003820000, 0x0000000011f30000]
 total_blobs=3604 nmethods=2902 adapters=614
 compilation: enabled

Compilation events (10 events):
Event: 47.496 Thread 0x0000000017acf000 nmethod 3146 0x0000000003496490 code [0x00000000034965c0, 0x0000000003496678]
Event: 47.514 Thread 0x0000000017ada000 nmethod 3141 0x0000000003814d90 code [0x0000000003815120, 0x0000000003816e98]
Event: 47.514 Thread 0x0000000017ada000 3142       3       com.sun.javafx.iio.ImageFrame::getPixelScale (5 bytes)
Event: 47.517 Thread 0x0000000017ada000 nmethod 3142 0x0000000003814a50 code [0x0000000003814ba0, 0x0000000003814cf0]
Event: 47.517 Thread 0x0000000017ada000 3143       3       javafx.scene.image.Image::storePlatformImageWH (26 bytes)
Event: 47.525 Thread 0x0000000017ada000 nmethod 3143 0x000000000338c650 code [0x000000000338c880, 0x000000000338d690]
Event: 47.525 Thread 0x0000000017ada000 3144       3       javafx.scene.image.Image$ObjectPropertyImpl::store (6 bytes)
Event: 47.526 Thread 0x0000000017ada000 nmethod 3144 0x000000000338c310 code [0x000000000338c460, 0x000000000338c5d0]
Event: 47.526 Thread 0x0000000017ada000 3145       3       javafx.scene.image.Image$ObjectPropertyImpl::fireValueChangedEvent (5 bytes)
Event: 47.527 Thread 0x0000000017ada000 nmethod 3145 0x0000000003814490 code [0x0000000003814600, 0x0000000003814908]

GC Heap History (10 events):
Event: 21.758 GC heap before
{Heap before GC invocations=4 (full 0):
 PSYoungGen      total 38400K, used 38369K [0x00000000d5c00000, 0x00000000d8680000, 0x0000000100000000)
  eden space 33280K, 100% used [0x00000000d5c00000,0x00000000d7c80000,0x00000000d7c80000)
  from space 5120K, 99% used [0x00000000d7c80000,0x00000000d8178540,0x00000000d8180000)
  to   space 5120K, 0% used [0x00000000d8180000,0x00000000d8180000,0x00000000d8680000)
 ParOldGen       total 87552K, used 7638K [0x0000000081400000, 0x0000000086980000, 0x00000000d5c00000)
  object space 87552K, 8% used [0x0000000081400000,0x0000000081b75bf8,0x0000000086980000)
 Metaspace       used 15949K, capacity 16566K, committed 16768K, reserved 1062912K
  class space    used 2178K, capacity 2365K, committed 2432K, reserved 1048576K
Event: 21.788 GC heap after
Heap after GC invocations=4 (full 0):
 PSYoungGen      total 38400K, used 5105K [0x00000000d5c00000, 0x00000000d8680000, 0x0000000100000000)
  eden space 33280K, 0% used [0x00000000d5c00000,0x00000000d5c00000,0x00000000d7c80000)
  from space 5120K, 99% used [0x00000000d8180000,0x00000000d867c530,0x00000000d8680000)
  to   space 5120K, 0% used [0x00000000d7c80000,0x00000000d7c80000,0x00000000d8180000)
 ParOldGen       total 87552K, used 7822K [0x0000000081400000, 0x0000000086980000, 0x00000000d5c00000)
  object space 87552K, 8% used [0x0000000081400000,0x0000000081ba3bf8,0x0000000086980000)
 Metaspace       used 15949K, capacity 16566K, committed 16768K, reserved 1062912K
  class space    used 2178K, capacity 2365K, committed 2432K, reserved 1048576K
}
Event: 28.062 GC heap before
{Heap before GC invocations=5 (full 0):
 PSYoungGen      total 38400K, used 38385K [0x00000000d5c00000, 0x00000000d8680000, 0x0000000100000000)
  eden space 33280K, 100% used [0x00000000d5c00000,0x00000000d7c80000,0x00000000d7c80000)
  from space 5120K, 99% used [0x00000000d8180000,0x00000000d867c530,0x00000000d8680000)
  to   space 5120K, 0% used [0x00000000d7c80000,0x00000000d7c80000,0x00000000d8180000)
 ParOldGen       total 87552K, used 7822K [0x0000000081400000, 0x0000000086980000, 0x00000000d5c00000)
  object space 87552K, 8% used [0x0000000081400000,0x0000000081ba3bf8,0x0000000086980000)
 Metaspace       used 16194K, capacity 16826K, committed 17024K, reserved 1064960K
  class space    used 2181K, capacity 2365K, committed 2432K, reserved 1048576K
Event: 28.092 GC heap after
Heap after GC invocations=5 (full 0):
 PSYoungGen      total 37888K, used 5105K [0x00000000d5c00000, 0x00000000d9200000, 0x0000000100000000)
  eden space 32768K, 0% used [0x00000000d5c00000,0x00000000d5c00000,0x00000000d7c00000)
  from space 5120K, 99% used [0x00000000d7c80000,0x00000000d817c530,0x00000000d8180000)
  to   space 11264K, 0% used [0x00000000d8700000,0x00000000d8700000,0x00000000d9200000)
 ParOldGen       total 87552K, used 7990K [0x0000000081400000, 0x0000000086980000, 0x00000000d5c00000)
  object space 87552K, 9% used [0x0000000081400000,0x0000000081bcdbf8,0x0000000086980000)
 Metaspace       used 16194K, capacity 16826K, committed 17024K, reserved 1064960K
  class space    used 2181K, capacity 2365K, committed 2432K, reserved 1048576K
}
Event: 32.744 GC heap before
{Heap before GC invocations=6 (full 0):
 PSYoungGen      total 37888K, used 37873K [0x00000000d5c00000, 0x00000000d9200000, 0x0000000100000000)
  eden space 32768K, 100% used [0x00000000d5c00000,0x00000000d7c00000,0x00000000d7c00000)
  from space 5120K, 99% used [0x00000000d7c80000,0x00000000d817c530,0x00000000d8180000)
  to   space 11264K, 0% used [0x00000000d8700000,0x00000000d8700000,0x00000000d9200000)
 ParOldGen       total 87552K, used 7990K [0x0000000081400000, 0x0000000086980000, 0x00000000d5c00000)
  object space 87552K, 9% used [0x0000000081400000,0x0000000081bcdbf8,0x0000000086980000)
 Metaspace       used 16314K, capacity 16954K, committed 17024K, reserved 1064960K
  class space    used 2181K, capacity 2365K, committed 2432K, reserved 1048576K
Event: 32.779 GC heap after
Heap after GC invocations=6 (full 0):
 PSYoungGen      total 41984K, used 5297K [0x00000000d5c00000, 0x00000000d9080000, 0x0000000100000000)
  eden space 32256K, 0% used [0x00000000d5c00000,0x00000000d5c00000,0x00000000d7b80000)
  from space 9728K, 54% used [0x00000000d8700000,0x00000000d8c2c530,0x00000000d9080000)
  to   space 10752K, 0% used [0x00000000d7b80000,0x00000000d7b80000,0x00000000d8600000)
 ParOldGen       total 87552K, used 7990K [0x0000000081400000, 0x0000000086980000, 0x00000000d5c00000)
  object space 87552K, 9% used [0x0000000081400000,0x0000000081bcdbf8,0x0000000086980000)
 Metaspace       used 16314K, capacity 16954K, committed 17024K, reserved 1064960K
  class space    used 2181K, capacity 2365K, committed 2432K, reserved 1048576K
}
Event: 36.703 GC heap before
{Heap before GC invocations=7 (full 0):
 PSYoungGen      total 41984K, used 37553K [0x00000000d5c00000, 0x00000000d9080000, 0x0000000100000000)
  eden space 32256K, 100% used [0x00000000d5c00000,0x00000000d7b80000,0x00000000d7b80000)
  from space 9728K, 54% used [0x00000000d8700000,0x00000000d8c2c530,0x00000000d9080000)
  to   space 10752K, 0% used [0x00000000d7b80000,0x00000000d7b80000,0x00000000d8600000)
 ParOldGen       total 87552K, used 7990K [0x0000000081400000, 0x0000000086980000, 0x00000000d5c00000)
  object space 87552K, 9% used [0x0000000081400000,0x0000000081bcdbf8,0x0000000086980000)
 Metaspace       used 16386K, capacity 17082K, committed 17280K, reserved 1064960K
  class space    used 2181K, capacity 2365K, committed 2432K, reserved 1048576K
Event: 36.742 GC heap after
Heap after GC invocations=7 (full 0):
 PSYoungGen      total 42496K, used 544K [0x00000000d5c00000, 0x00000000d9100000, 0x0000000100000000)
  eden space 31744K, 0% used [0x00000000d5c00000,0x00000000d5c00000,0x00000000d7b00000)
  from space 10752K, 5% used [0x00000000d7b80000,0x00000000d7c08000,0x00000000d8600000)
  to   space 11264K, 0% used [0x00000000d8600000,0x00000000d8600000,0x00000000d9100000)
 ParOldGen       total 87552K, used 12801K [0x0000000081400000, 0x0000000086980000, 0x00000000d5c00000)
  object space 87552K, 14% used [0x0000000081400000,0x0000000082080790,0x0000000086980000)
 Metaspace       used 16386K, capacity 17082K, committed 17280K, reserved 1064960K
  class space    used 2181K, capacity 2365K, committed 2432K, reserved 1048576K
}
Event: 42.163 GC heap before
{Heap before GC invocations=8 (full 0):
 PSYoungGen      total 42496K, used 32288K [0x00000000d5c00000, 0x00000000d9100000, 0x0000000100000000)
  eden space 31744K, 100% used [0x00000000d5c00000,0x00000000d7b00000,0x00000000d7b00000)
  from space 10752K, 5% used [0x00000000d7b80000,0x00000000d7c08000,0x00000000d8600000)
  to   space 11264K, 0% used [0x00000000d8600000,0x00000000d8600000,0x00000000d9100000)
 ParOldGen       total 87552K, used 12801K [0x0000000081400000, 0x0000000086980000, 0x00000000d5c00000)
  object space 87552K, 14% used [0x0000000081400000,0x0000000082080790,0x0000000086980000)
 Metaspace       used 16422K, capacity 17082K, committed 17280K, reserved 1064960K
  class space    used 2182K, capacity 2365K, committed 2432K, reserved 1048576K
Event: 42.211 GC heap after
Heap after GC invocations=8 (full 0):
 PSYoungGen      total 42496K, used 512K [0x00000000d5c00000, 0x00000000d9180000, 0x0000000100000000)
  eden space 31232K, 0% used [0x00000000d5c00000,0x00000000d5c00000,0x00000000d7a80000)
  from space 11264K, 4% used [0x00000000d8600000,0x00000000d8680000,0x00000000d9100000)
  to   space 11776K, 0% used [0x00000000d7a80000,0x00000000d7a80000,0x00000000d8600000)
 ParOldGen       total 87552K, used 12986K [0x0000000081400000, 0x0000000086980000, 0x00000000d5c00000)
  object space 87552K, 14% used [0x0000000081400000,0x00000000820aead0,0x0000000086980000)
 Metaspace       used 16422K, capacity 17082K, committed 17280K, reserved 1064960K
  class space    used 2182K, capacity 2365K, committed 2432K, reserved 1048576K
}

Deoptimization events (10 events):
Event: 32.945 Thread 0x00000000197ea800 Uncommon trap: reason=unstable_if action=reinterpret pc=0x00000000036dfff0 method=com.sun.prism.impl.ManagedResource._isgone(Lcom/sun/prism/impl/ManagedResource;)Z @ 1
Event: 32.965 Thread 0x00000000197ea800 Uncommon trap: reason=class_check action=maybe_recompile pc=0x00000000030cdc6c method=com.sun.javafx.sg.prism.NGNode.getOpaqueRegion()Lcom/sun/javafx/geom/RectBounds; @ 27
Event: 32.966 Thread 0x00000000197ea800 Uncommon trap: reason=class_check action=maybe_recompile pc=0x00000000030cdc6c method=com.sun.javafx.sg.prism.NGNode.getOpaqueRegion()Lcom/sun/javafx/geom/RectBounds; @ 27
Event: 32.966 Thread 0x00000000197ea800 Uncommon trap: reason=class_check action=maybe_recompile pc=0x00000000030cdc6c method=com.sun.javafx.sg.prism.NGNode.getOpaqueRegion()Lcom/sun/javafx/geom/RectBounds; @ 27
Event: 32.966 Thread 0x00000000197ea800 Uncommon trap: reason=class_check action=maybe_recompile pc=0x00000000030cdc6c method=com.sun.javafx.sg.prism.NGNode.getOpaqueRegion()Lcom/sun/javafx/geom/RectBounds; @ 27
Event: 32.974 Thread 0x00000000197ea800 Uncommon trap: reason=unstable_if action=reinterpret pc=0x000000000343b0a8 method=com.sun.javafx.geom.transform.BaseTransform.equals(Ljava/lang/Object;)Z @ 107
Event: 32.974 Thread 0x00000000197ea800 Uncommon trap: reason=unstable_if action=reinterpret pc=0x000000000344a2cc method=com.sun.javafx.geom.transform.BaseTransform.equals(Ljava/lang/Object;)Z @ 107
Event: 32.975 Thread 0x00000000197ea800 Uncommon trap: reason=unstable_if action=reinterpret pc=0x0000000003463d6c method=com.sun.javafx.geom.transform.BaseTransform.equals(Ljava/lang/Object;)Z @ 107
Event: 38.229 Thread 0x000000001980d000 Uncommon trap: reason=bimorphic action=maybe_recompile pc=0x00000000033305d0 method=java.util.HashMap.putVal(ILjava/lang/Object;Ljava/lang/Object;ZZ)Ljava/lang/Object; @ 91
Event: 38.250 Thread 0x000000001980d000 Uncommon trap: reason=bimorphic action=maybe_recompile pc=0x00000000033305d0 method=java.util.HashMap.putVal(ILjava/lang/Object;Ljava/lang/Object;ZZ)Ljava/lang/Object; @ 91

Classes redefined (0 events):
No events

Internal exceptions (10 events):
Event: 47.413 Thread 0x000000001980d000 Exception <a 'java/io/FileNotFoundException'> (0x00000000d747f988) thrown at [C:\re\workspace\8-2-build-windows-amd64-cygwin\jdk8u211\12973\hotspot\src\share\vm\prims\jni.cpp, line 710]
Event: 47.419 Thread 0x000000001980d000 Exception <a 'java/io/FileNotFoundException'> (0x00000000d7488d48) thrown at [C:\re\workspace\8-2-build-windows-amd64-cygwin\jdk8u211\12973\hotspot\src\share\vm\prims\jni.cpp, line 710]
Event: 47.637 Thread 0x000000001980d000 Exception <a 'java/io/FileNotFoundException'> (0x00000000d74ebed8) thrown at [C:\re\workspace\8-2-build-windows-amd64-cygwin\jdk8u211\12973\hotspot\src\share\vm\prims\jni.cpp, line 710]
Event: 47.642 Thread 0x000000001980d000 Exception <a 'java/io/FileNotFoundException'> (0x00000000d74f5298) thrown at [C:\re\workspace\8-2-build-windows-amd64-cygwin\jdk8u211\12973\hotspot\src\share\vm\prims\jni.cpp, line 710]
Event: 47.646 Thread 0x000000001980d000 Exception <a 'java/io/FileNotFoundException'> (0x00000000d74fe7f8) thrown at [C:\re\workspace\8-2-build-windows-amd64-cygwin\jdk8u211\12973\hotspot\src\share\vm\prims\jni.cpp, line 710]
Event: 47.650 Thread 0x000000001980d000 Exception <a 'java/io/FileNotFoundException'> (0x00000000d752aa98) thrown at [C:\re\workspace\8-2-build-windows-amd64-cygwin\jdk8u211\12973\hotspot\src\share\vm\prims\jni.cpp, line 710]
Event: 47.653 Thread 0x000000001980d000 Exception <a 'java/io/FileNotFoundException'> (0x00000000d7534018) thrown at [C:\re\workspace\8-2-build-windows-amd64-cygwin\jdk8u211\12973\hotspot\src\share\vm\prims\jni.cpp, line 710]
Event: 47.657 Thread 0x000000001980d000 Exception <a 'java/io/FileNotFoundException'> (0x00000000d753d3d8) thrown at [C:\re\workspace\8-2-build-windows-amd64-cygwin\jdk8u211\12973\hotspot\src\share\vm\prims\jni.cpp, line 710]
Event: 47.661 Thread 0x000000001980d000 Exception <a 'java/io/FileNotFoundException'> (0x00000000d7546958) thrown at [C:\re\workspace\8-2-build-windows-amd64-cygwin\jdk8u211\12973\hotspot\src\share\vm\prims\jni.cpp, line 710]
Event: 47.665 Thread 0x000000001980d000 Exception <a 'java/io/FileNotFoundException'> (0x00000000d754fdf8) thrown at [C:\re\workspace\8-2-build-windows-amd64-cygwin\jdk8u211\12973\hotspot\src\share\vm\prims\jni.cpp, line 710]

Events (10 events):
Event: 47.530 Thread 0x000000001ee9a000 Thread added: 0x000000001ee9a000
Event: 47.531 Thread 0x000000001ee9a000 Thread exited: 0x000000001ee9a000
Event: 47.587 Thread 0x000000001ee96000 Thread added: 0x000000001ee96000
Event: 47.587 Thread 0x000000001ee96000 Thread exited: 0x000000001ee96000
Event: 47.588 Thread 0x000000001ee99000 Thread added: 0x000000001ee99000
Event: 47.588 Thread 0x000000001ee99000 Thread exited: 0x000000001ee99000
Event: 47.665 Thread 0x000000001ee9a000 Thread added: 0x000000001ee9a000
Event: 47.667 Thread 0x000000001ee9a000 Thread exited: 0x000000001ee9a000
Event: 47.668 Thread 0x000000001ee96000 Thread added: 0x000000001ee96000
Event: 47.668 Thread 0x000000001ee96000 Thread exited: 0x000000001ee96000


Dynamic libraries:
0x00007ff71f7f0000 - 0x00007ff71f827000 	C:\Program Files\Java\jre1.8.0_211\bin\javaw.exe
0x00007fff326c0000 - 0x00007fff328b0000 	C:\WINDOWS\SYSTEM32\ntdll.dll
0x00007fff31d00000 - 0x00007fff31db2000 	C:\WINDOWS\System32\KERNEL32.DLL
0x00007fff2f650000 - 0x00007fff2f8f3000 	C:\WINDOWS\System32\KERNELBASE.dll
0x00007fff31f20000 - 0x00007fff31fc3000 	C:\WINDOWS\System32\ADVAPI32.dll
0x00007fff31fd0000 - 0x00007fff3206e000 	C:\WINDOWS\System32\msvcrt.dll
0x00007fff307c0000 - 0x00007fff30857000 	C:\WINDOWS\System32\sechost.dll
0x00007fff30b00000 - 0x00007fff30c20000 	C:\WINDOWS\System32\RPCRT4.dll
0x00007fff32070000 - 0x00007fff32204000 	C:\WINDOWS\System32\USER32.dll
0x00007fff2f9b0000 - 0x00007fff2f9d1000 	C:\WINDOWS\System32\win32u.dll
0x00007fff30780000 - 0x00007fff307a6000 	C:\WINDOWS\System32\GDI32.dll
0x00007fff305b0000 - 0x00007fff30744000 	C:\WINDOWS\System32\gdi32full.dll
0x00007fff2f9e0000 - 0x00007fff2fa7e000 	C:\WINDOWS\System32\msvcp_win.dll
0x00007fff30360000 - 0x00007fff3045a000 	C:\WINDOWS\System32\ucrtbase.dll
0x00007fff20da0000 - 0x00007fff21025000 	C:\WINDOWS\WinSxS\amd64_microsoft.windows.common-controls_6595b64144ccf1df_6.0.18362.476_none_e6c4b11b130f2595\COMCTL32.dll
0x00007fff314c0000 - 0x00007fff317f6000 	C:\WINDOWS\System32\combase.dll
0x00007fff2fa80000 - 0x00007fff2fb00000 	C:\WINDOWS\System32\bcryptPrimitives.dll
0x00007fff31490000 - 0x00007fff314be000 	C:\WINDOWS\System32\IMM32.DLL
0x0000000058df0000 - 0x0000000058ec2000 	C:\Program Files\Java\jre1.8.0_211\bin\msvcr100.dll
0x0000000058f50000 - 0x00000000597f5000 	C:\Program Files\Java\jre1.8.0_211\bin\server\jvm.dll
0x00007fff30770000 - 0x00007fff30778000 	C:\WINDOWS\System32\PSAPI.DLL
0x00007fff2d0b0000 - 0x00007fff2d0d4000 	C:\WINDOWS\SYSTEM32\WINMM.dll
0x00007fff21100000 - 0x00007fff2110a000 	C:\WINDOWS\SYSTEM32\VERSION.dll
0x00007fff2d080000 - 0x00007fff2d0ad000 	C:\WINDOWS\SYSTEM32\WINMMBASE.dll
0x00007fff2f900000 - 0x00007fff2f94a000 	C:\WINDOWS\System32\cfgmgr32.dll
0x00007fff29880000 - 0x00007fff29889000 	C:\WINDOWS\SYSTEM32\WSOCK32.dll
0x00000000014c0000 - 0x000000000152f000 	C:\WINDOWS\System32\ws2_32.DLL
0x00007fff2d5c0000 - 0x00007fff2d5cf000 	C:\Program Files\Java\jre1.8.0_211\bin\verify.dll
0x00007fff20950000 - 0x00007fff20979000 	C:\Program Files\Java\jre1.8.0_211\bin\java.dll
0x00007fff25bb0000 - 0x00007fff25bc6000 	C:\Program Files\Java\jre1.8.0_211\bin\zip.dll
0x00007fff30da0000 - 0x00007fff31485000 	C:\WINDOWS\System32\SHELL32.dll
0x00007fff30cf0000 - 0x00007fff30d99000 	C:\WINDOWS\System32\shcore.dll
0x00007fff2fb30000 - 0x00007fff302ae000 	C:\WINDOWS\System32\windows.storage.dll
0x00007fff2f630000 - 0x00007fff2f64f000 	C:\WINDOWS\System32\profapi.dll
0x00007fff2f5a0000 - 0x00007fff2f5ea000 	C:\WINDOWS\System32\powrprof.dll
0x00007fff2f590000 - 0x00007fff2f5a0000 	C:\WINDOWS\System32\UMPDC.dll
0x00007fff30c90000 - 0x00007fff30ce2000 	C:\WINDOWS\System32\shlwapi.dll
0x00007fff2f610000 - 0x00007fff2f621000 	C:\WINDOWS\System32\kernel.appcore.dll
0x00007fff30750000 - 0x00007fff30767000 	C:\WINDOWS\System32\cryptsp.dll
0x0000000001550000 - 0x0000000001553000 	C:\Program Files\Java\jre1.8.0_211\bin\api-ms-win-core-console-l1-1-0.dll
0x0000000002e10000 - 0x0000000002e13000 	C:\Program Files\Java\jre1.8.0_211\bin\api-ms-win-core-datetime-l1-1-0.dll
0x0000000019b30000 - 0x0000000019b33000 	C:\Program Files\Java\jre1.8.0_211\bin\api-ms-win-core-debug-l1-1-0.dll
0x0000000019b40000 - 0x0000000019b43000 	C:\Program Files\Java\jre1.8.0_211\bin\api-ms-win-core-errorhandling-l1-1-0.dll
0x0000000019b50000 - 0x0000000019b54000 	C:\Program Files\Java\jre1.8.0_211\bin\api-ms-win-core-file-l1-1-0.dll
0x0000000019b60000 - 0x0000000019b63000 	C:\Program Files\Java\jre1.8.0_211\bin\api-ms-win-core-file-l1-2-0.dll
0x0000000019b70000 - 0x0000000019b73000 	C:\Program Files\Java\jre1.8.0_211\bin\api-ms-win-core-file-l2-1-0.dll
0x0000000019b80000 - 0x0000000019b83000 	C:\Program Files\Java\jre1.8.0_211\bin\api-ms-win-core-handle-l1-1-0.dll
0x0000000019b90000 - 0x0000000019b93000 	C:\Program Files\Java\jre1.8.0_211\bin\api-ms-win-core-heap-l1-1-0.dll
0x0000000019ba0000 - 0x0000000019ba3000 	C:\Program Files\Java\jre1.8.0_211\bin\api-ms-win-core-interlocked-l1-1-0.dll
0x0000000019bb0000 - 0x0000000019bb3000 	C:\Program Files\Java\jre1.8.0_211\bin\api-ms-win-core-libraryloader-l1-1-0.dll
0x0000000019bc0000 - 0x0000000019bc3000 	C:\Program Files\Java\jre1.8.0_211\bin\api-ms-win-core-localization-l1-2-0.dll
0x0000000019bd0000 - 0x0000000019bd3000 	C:\Program Files\Java\jre1.8.0_211\bin\api-ms-win-core-memory-l1-1-0.dll
0x0000000019be0000 - 0x0000000019be3000 	C:\Program Files\Java\jre1.8.0_211\bin\api-ms-win-core-namedpipe-l1-1-0.dll
0x0000000019bf0000 - 0x0000000019bf3000 	C:\Program Files\Java\jre1.8.0_211\bin\api-ms-win-core-processenvironment-l1-1-0.dll
0x0000000019c00000 - 0x0000000019c03000 	C:\Program Files\Java\jre1.8.0_211\bin\api-ms-win-core-processthreads-l1-1-0.dll
0x0000000019c10000 - 0x0000000019c13000 	C:\Program Files\Java\jre1.8.0_211\bin\api-ms-win-core-processthreads-l1-1-1.dll
0x0000000019c20000 - 0x0000000019c23000 	C:\Program Files\Java\jre1.8.0_211\bin\api-ms-win-core-profile-l1-1-0.dll
0x0000000019c30000 - 0x0000000019c33000 	C:\Program Files\Java\jre1.8.0_211\bin\api-ms-win-core-rtlsupport-l1-1-0.dll
0x0000000019c40000 - 0x0000000019c43000 	C:\Program Files\Java\jre1.8.0_211\bin\api-ms-win-core-string-l1-1-0.dll
0x0000000019c50000 - 0x0000000019c53000 	C:\Program Files\Java\jre1.8.0_211\bin\api-ms-win-core-synch-l1-1-0.dll
0x0000000019c60000 - 0x0000000019c63000 	C:\Program Files\Java\jre1.8.0_211\bin\api-ms-win-core-synch-l1-2-0.dll
0x0000000019c70000 - 0x0000000019c73000 	C:\Program Files\Java\jre1.8.0_211\bin\api-ms-win-core-sysinfo-l1-1-0.dll
0x0000000019c80000 - 0x0000000019c83000 	C:\Program Files\Java\jre1.8.0_211\bin\api-ms-win-core-timezone-l1-1-0.dll
0x0000000019c90000 - 0x0000000019c93000 	C:\Program Files\Java\jre1.8.0_211\bin\api-ms-win-core-util-l1-1-0.dll
0x0000000019ca0000 - 0x0000000019ca3000 	C:\Program Files\Java\jre1.8.0_211\bin\api-ms-win-crt-conio-l1-1-0.dll
0x0000000019cb0000 - 0x0000000019cb4000 	C:\Program Files\Java\jre1.8.0_211\bin\api-ms-win-crt-convert-l1-1-0.dll
0x0000000019cc0000 - 0x0000000019cc3000 	C:\Program Files\Java\jre1.8.0_211\bin\api-ms-win-crt-environment-l1-1-0.dll
0x0000000019cd0000 - 0x0000000019cd3000 	C:\Program Files\Java\jre1.8.0_211\bin\api-ms-win-crt-filesystem-l1-1-0.dll
0x0000000019ce0000 - 0x0000000019ce3000 	C:\Program Files\Java\jre1.8.0_211\bin\api-ms-win-crt-heap-l1-1-0.dll
0x0000000019cf0000 - 0x0000000019cf3000 	C:\Program Files\Java\jre1.8.0_211\bin\api-ms-win-crt-locale-l1-1-0.dll
0x0000000019d00000 - 0x0000000019d05000 	C:\Program Files\Java\jre1.8.0_211\bin\api-ms-win-crt-math-l1-1-0.dll
0x0000000019d10000 - 0x0000000019d15000 	C:\Program Files\Java\jre1.8.0_211\bin\api-ms-win-crt-multibyte-l1-1-0.dll
0x0000000019d20000 - 0x0000000019d30000 	C:\Program Files\Java\jre1.8.0_211\bin\api-ms-win-crt-private-l1-1-0.dll
0x0000000019d30000 - 0x0000000019d33000 	C:\Program Files\Java\jre1.8.0_211\bin\api-ms-win-crt-process-l1-1-0.dll
0x0000000019d40000 - 0x0000000019d44000 	C:\Program Files\Java\jre1.8.0_211\bin\api-ms-win-crt-runtime-l1-1-0.dll
0x0000000019d50000 - 0x0000000019d54000 	C:\Program Files\Java\jre1.8.0_211\bin\api-ms-win-crt-stdio-l1-1-0.dll
0x0000000019d60000 - 0x0000000019d64000 	C:\Program Files\Java\jre1.8.0_211\bin\api-ms-win-crt-string-l1-1-0.dll
0x0000000019d70000 - 0x0000000019d73000 	C:\Program Files\Java\jre1.8.0_211\bin\api-ms-win-crt-time-l1-1-0.dll
0x0000000019d80000 - 0x0000000019d83000 	C:\Program Files\Java\jre1.8.0_211\bin\api-ms-win-crt-utility-l1-1-0.dll
0x00007fff0b130000 - 0x00007fff0b226000 	C:\Program Files\Java\jre1.8.0_211\bin\ucrtbase.dll
0x00007fff1d9a0000 - 0x00007fff1d9b6000 	C:\Program Files\Java\jre1.8.0_211\bin\vcruntime140.dll
0x00007fff19050000 - 0x00007fff190fa000 	C:\Program Files\Java\jre1.8.0_211\bin\msvcp140.dll
0x00007fff1d940000 - 0x00007fff1d994000 	C:\Program Files\Java\jre1.8.0_211\bin\concrt140.dll
0x00007fff1a6e0000 - 0x00007fff1a703000 	C:\Program Files\Java\jre1.8.0_211\bin\prism_d3d.dll
0x00007ffef3a40000 - 0x00007ffef3c07000 	C:\WINDOWS\system32\d3d9.dll
0x00007fff2dd30000 - 0x00007fff2dd5d000 	C:\WINDOWS\SYSTEM32\dwmapi.dll
0x00007fff2e200000 - 0x00007fff2e220000 	C:\WINDOWS\SYSTEM32\dxcore.dll
0x00007fff2d910000 - 0x00007fff2d9a9000 	C:\WINDOWS\system32\uxtheme.dll
0x00007ffefe680000 - 0x00007fff00bbd000 	C:\WINDOWS\SYSTEM32\igdumdim64.dll
0x00007fff31e50000 - 0x00007fff31f14000 	C:\WINDOWS\System32\OLEAUT32.dll
0x00007fff31ba0000 - 0x00007fff31cf6000 	C:\WINDOWS\System32\ole32.dll
0x00007fff32210000 - 0x00007fff32680000 	C:\WINDOWS\System32\SETUPAPI.dll
0x00007fff2fb00000 - 0x00007fff2fb26000 	C:\WINDOWS\System32\bcrypt.dll
0x00007fff17fe0000 - 0x00007fff18029000 	C:\Program Files\Java\jre1.8.0_211\bin\glass.dll
0x00007fff31a60000 - 0x00007fff31b30000 	C:\WINDOWS\System32\COMDLG32.dll
0x00007fff30860000 - 0x00007fff30996000 	C:\WINDOWS\System32\MSCTF.dll
0x00007fff26880000 - 0x00007fff272c0000 	C:\WINDOWS\SYSTEM32\igdusc64.dll
0x00007fff05e60000 - 0x00007fff05f09000 	C:\Program Files\Java\jre1.8.0_211\bin\glib-lite.dll
0x00007fff04120000 - 0x00007fff04201000 	C:\Program Files\Java\jre1.8.0_211\bin\gstreamer-lite.dll
0x00007fff076e0000 - 0x00007fff07779000 	C:\WINDOWS\SYSTEM32\DSOUND.dll
0x00007fff19020000 - 0x00007fff19047000 	C:\Program Files\Java\jre1.8.0_211\bin\jfxmedia.dll
0x00007fff319b0000 - 0x00007fff31a52000 	C:\WINDOWS\System32\clbcatq.dll
0x00007fff2bf50000 - 0x00007fff2c03f000 	C:\WINDOWS\system32\propsys.dll
0x00007fff0b0f0000 - 0x00007fff0b121000 	C:\Program Files\Java\jre1.8.0_211\bin\fxplugins.dll
0x00007fff21670000 - 0x00007fff2168a000 	C:\Program Files\Java\jre1.8.0_211\bin\net.dll
0x00007fff22850000 - 0x00007fff22a26000 	C:\WINDOWS\SYSTEM32\urlmon.dll
0x00007fff22ca0000 - 0x00007fff22f46000 	C:\WINDOWS\SYSTEM32\iertutil.dll
0x00007fff2ef70000 - 0x00007fff2ef7c000 	C:\WINDOWS\SYSTEM32\CRYPTBASE.DLL
0x00007fff2eda0000 - 0x00007fff2ee07000 	C:\WINDOWS\system32\mswsock.dll
0x00007fff211c0000 - 0x00007fff211d2000 	C:\Program Files\Java\jre1.8.0_211\bin\nio.dll
0x00007fff260b0000 - 0x00007fff26122000 	C:\WINDOWS\System32\MMDevApi.dll
0x00007fff2f350000 - 0x00007fff2f37a000 	C:\WINDOWS\System32\DEVOBJ.dll
0x00007fff26160000 - 0x00007fff262bd000 	C:\WINDOWS\SYSTEM32\AUDIOSES.DLL
0x00007fff2b3a0000 - 0x00007fff2b4f3000 	C:\WINDOWS\SYSTEM32\wintypes.dll
0x00007fff2dc40000 - 0x00007fff2dc54000 	C:\WINDOWS\SYSTEM32\resourcepolicyclient.dll
0x00007fff2bb30000 - 0x00007fff2bb3a000 	C:\WINDOWS\SYSTEM32\avrt.dll
0x00007fff1ccf0000 - 0x00007fff1cd04000 	C:\Program Files\Java\jre1.8.0_211\bin\javafx_font.dll
0x00007fff29130000 - 0x00007fff2942e000 	C:\WINDOWS\SYSTEM32\dwrite.dll
0x00007fff2b1d0000 - 0x00007fff2b37f000 	C:\WINDOWS\SYSTEM32\WindowsCodecs.dll
0x00007fff1f3c0000 - 0x00007fff1f3fa000 	C:\WINDOWS\system32\dataexchange.dll
0x00007fff2c7e0000 - 0x00007fff2ca3b000 	C:\WINDOWS\system32\d3d11.dll
0x00007fff2cea0000 - 0x00007fff2d07b000 	C:\WINDOWS\system32\dcomp.dll
0x00007fff2e290000 - 0x00007fff2e37b000 	C:\WINDOWS\system32\dxgi.dll
0x00007fff2d9e0000 - 0x00007fff2dc3a000 	C:\WINDOWS\system32\twinapi.appcore.dll
0x00007fff2dd60000 - 0x00007fff2dd89000 	C:\WINDOWS\system32\RMCLIENT.dll
0x00007fff1da20000 - 0x00007fff1da53000 	C:\Program Files\Common Files\Microsoft Shared\Ink\rtscom.dll
0x00007fff25220000 - 0x00007fff252be000 	C:\WINDOWS\System32\TextInputFramework.dll
0x00007fff2b500000 - 0x00007fff2b82a000 	C:\WINDOWS\System32\CoreUIComponents.dll

VM Arguments:
jvm_args: -Dfile.encoding=Cp1252 
java_command: main.TowerDefenseRunner
java_class_path (initial): C:\Users\Bert_Real\Documents\CS 335\csc335-towerdef-lvb2-marrissa-ivan-albert\bin
Launcher Type: SUN_STANDARD

Environment Variables:
CLASSPATH=C:\Program Files\Java\jre-10\lib
PATH=C:/Program Files/Java/jre1.8.0_211/bin/server;C:/Program Files/Java/jre1.8.0_211/bin;C:/Program Files/Java/jre1.8.0_211/lib/amd64;C:\Program Files (x86)\Common Files\Oracle\Java\javapath;C:\ProgramData\Oracle\Java\javapath;C:\Program Files (x86)\Intel\iCLS Client\;C:\Program Files\Intel\iCLS Client\;C:\WINDOWS\system32;C:\WINDOWS;C:\WINDOWS\System32\Wbem;C:\WINDOWS\System32\WindowsPowerShell\v1.0\;C:\Program Files\Intel\WiFi\bin\;C:\Program Files\Common Files\Intel\WirelessCommon\;C:\Program Files\Intel\Intel(R) Management Engine Components\DAL;C:\Program Files (x86)\Intel\Intel(R) Management Engine Components\DAL;C:\Program Files\Intel\Intel(R) Management Engine Components\IPT;C:\Program Files (x86)\Intel\Intel(R) Management Engine Components\IPT;C:\Program Files\Microsoft SQL Server\130\Tools\Binn\;C:\Program Files (x86)\GtkSharp\2.12\bin;C:\WINDOWS\System32\OpenSSH\;C:\Program Files\nodejs\;C:\Users\Bert_Real\AppData\Local\Programs\Python\Python37-32\Scripts\;C:\Users\Bert_Real\AppData\Local\Programs\Python\Python37-32\;C:\Users\Bert_Real\AppData\Local\Microsoft\WindowsApps;C:\Users\Bert_Real\AppData\Roaming\npm;c:\program files\java\jdk1.8.0\bin;;C:\Users\Bert_Real\Desktop;
USERNAME=Bert_Real
OS=Windows_NT
PROCESSOR_IDENTIFIER=Intel64 Family 6 Model 61 Stepping 4, GenuineIntel



---------------  S Y S T E M  ---------------

OS: Windows 10.0 , 64 bit Build 18362 (10.0.18362.329)

CPU:total 4 (initial active 4) (2 cores per cpu, 2 threads per core) family 6 model 61 stepping 4, cmov, cx8, fxsr, mmx, sse, sse2, sse3, ssse3, sse4.1, sse4.2, popcnt, avx, avx2, aes, clmul, erms, 3dnowpref, lzcnt, ht, tsc, tscinvbit, bmi1, bmi2, adx

Memory: 4k page, physical 8301904k(1403168k free), swap 33467728k(2756k free)

vm_info: Java HotSpot(TM) 64-Bit Server VM (25.211-b12) for windows-amd64 JRE (1.8.0_211-b12), built on Apr  1 2019 20:53:26 by "java_re" with MS VC++ 10.0 (VS2010)

time: Tue Dec 10 07:18:47 2019
timezone: US Mountain Standard Time
elapsed time: 47 seconds (0d 0h 0m 47s)

