#
# There is insufficient memory for the Java Runtime Environment to continue.
# Native memory allocation (malloc) failed to allocate 296976 bytes for Chunk::new
# Possible reasons:
#   The system is out of physical RAM or swap space
#   The process is running with CompressedOops enabled, and the Java Heap may be blocking the growth of the native heap
# Possible solutions:
#   Reduce memory load on the system
#   Increase physical memory or swap space
#   Check if swap backing store is full
#   Decrease Java heap size (-Xmx/-Xms)
#   Decrease number of Java threads
#   Decrease Java thread stack sizes (-Xss)
#   Set larger code cache with -XX:ReservedCodeCacheSize=
#   JVM is running with Unscaled Compressed Oops mode in which the Java heap is
#     placed in the first 4GB address space. The Java Heap base address is the
#     maximum limit for the native heap growth. Please use -XX:HeapBaseMinAddress
#     to set the Java Heap base and to place the Java Heap above 4GB virtual address.
# This output file may be truncated or incomplete.
#
#  Out of Memory Error (allocation.cpp:389), pid=23196, tid=0x0000000000005b08
#
# JRE version: Java(TM) SE Runtime Environment (8.0_211-b12) (build 1.8.0_211-b12)
# Java VM: Java HotSpot(TM) 64-Bit Server VM (25.211-b12 mixed mode windows-amd64 compressed oops)
# Failed to write core dump. Minidumps are not enabled by default on client versions of Windows
#

---------------  T H R E A D  ---------------

Current thread (0x0000000017dde000):  JavaThread "C2 CompilerThread0" daemon [_thread_in_native, id=23304, stack(0x0000000019440000,0x0000000019540000)]

Stack: [0x0000000019440000,0x0000000019540000]
[error occurred during error reporting (printing stack bounds), id 0xc0000005]

Native frames: (J=compiled Java code, j=interpreted, Vv=VM code, C=native code)


Current CompileTask:
C2:  69065 2978       4       java.net.URLStreamHandler::parseURL (1193 bytes)


---------------  P R O C E S S  ---------------

Java Threads: ( => current thread )
  0x000000001f21f000 JavaThread "Thread-1812" daemon [_thread_blocked, id=15804, stack(0x0000000027630000,0x0000000027730000)]
  0x000000001f21e000 JavaThread "Timer-3" [_thread_blocked, id=4944, stack(0x0000000024360000,0x0000000024460000)]
  0x000000001f21d800 JavaThread "Timer-2" [_thread_blocked, id=18164, stack(0x0000000024260000,0x0000000024360000)]
  0x000000001f223800 JavaThread "Timer-1" daemon [_thread_blocked, id=23436, stack(0x00000000233f0000,0x00000000234f0000)]
  0x000000001f1be000 JavaThread "Prism Font Disposer" daemon [_thread_blocked, id=23400, stack(0x00000000228f0000,0x00000000229f0000)]
  0x000000001efe7000 JavaThread "Timer-0" [_thread_blocked, id=23408, stack(0x00000000208a0000,0x00000000209a0000)]
  0x000000001ef1e000 JavaThread "Media Resource Disposer" daemon [_thread_blocked, id=17168, stack(0x00000000207a0000,0x00000000208a0000)]
  0x000000001ee41000 JavaThread "JFXMedia Player EventQueueThread" daemon [_thread_blocked, id=23368, stack(0x000000001fc50000,0x000000001fd50000)]
  0x000000001edfc000 JavaThread "Thread-3" daemon [_thread_in_native, id=23352, stack(0x000000001f580000,0x000000001f680000)]
  0x0000000019b22800 JavaThread "JavaFX Application Thread" [_thread_in_native, id=23060, stack(0x000000001a3a0000,0x000000001a4a0000)]
  0x0000000019afe800 JavaThread "Thread-2" daemon [_thread_blocked, id=22856, stack(0x000000001a2a0000,0x000000001a3a0000)]
  0x0000000019ae3800 JavaThread "QuantumRenderer-0" daemon [_thread_blocked, id=22864, stack(0x000000001a030000,0x000000001a130000)]
  0x0000000019a9d800 JavaThread "JavaFX-Launcher" [_thread_blocked, id=23040, stack(0x0000000019d40000,0x0000000019e40000)]
  0x0000000019773000 JavaThread "Service Thread" daemon [_thread_blocked, id=13364, stack(0x0000000019b40000,0x0000000019c40000)]
  0x0000000017e0b000 JavaThread "C1 CompilerThread2" daemon [_thread_blocked, id=23312, stack(0x0000000019640000,0x0000000019740000)]
  0x0000000017de6000 JavaThread "C2 CompilerThread1" daemon [_thread_blocked, id=23308, stack(0x0000000019540000,0x0000000019640000)]
=>0x0000000017dde000 JavaThread "C2 CompilerThread0" daemon [_thread_in_native, id=23304, stack(0x0000000019440000,0x0000000019540000)]
  0x0000000017ddc000 JavaThread "Attach Listener" daemon [_thread_blocked, id=23300, stack(0x0000000019340000,0x0000000019440000)]
  0x0000000017dda800 JavaThread "Signal Dispatcher" daemon [_thread_blocked, id=23296, stack(0x0000000019240000,0x0000000019340000)]
  0x000000000326b000 JavaThread "Finalizer" daemon [_thread_blocked, id=23288, stack(0x0000000019040000,0x0000000019140000)]
  0x0000000003260000 JavaThread "Reference Handler" daemon [_thread_blocked, id=23284, stack(0x0000000018f40000,0x0000000019040000)]
  0x000000000302e000 JavaThread "main" [_thread_blocked, id=23264, stack(0x0000000003070000,0x0000000003170000)]

Other Threads:
  0x0000000017da8000 VMThread [stack: 0x0000000018e40000,0x0000000018f40000] [id=23252]
  0x0000000019774800 WatcherThread [stack: 0x0000000019c40000,0x0000000019d40000] [id=23316]

VM state:not at safepoint (normal execution)

VM Mutex/Monitor currently owned by a thread: None

heap address: 0x0000000081400000, size: 2028 MB, Compressed Oops mode: 32-bit
Narrow klass base: 0x0000000000000000, Narrow klass shift: 3
Compressed class space size: 1073741824 Address: 0x0000000100000000

Heap:
 PSYoungGen      total 30208K, used 13070K [0x00000000d5c00000, 0x00000000d8d00000, 0x0000000100000000)
  eden space 29696K, 42% used [0x00000000d5c00000,0x00000000d685b950,0x00000000d7900000)
  from space 512K, 81% used [0x00000000d7980000,0x00000000d79e8000,0x00000000d7a00000)
  to   space 10240K, 0% used [0x00000000d8300000,0x00000000d8300000,0x00000000d8d00000)
 ParOldGen       total 87552K, used 11070K [0x0000000081400000, 0x0000000086980000, 0x00000000d5c00000)
  object space 87552K, 12% used [0x0000000081400000,0x0000000081ecfb00,0x0000000086980000)
 Metaspace       used 16423K, capacity 17088K, committed 17280K, reserved 1064960K
  class space    used 2183K, capacity 2366K, committed 2432K, reserved 1048576K

Card table byte_map: [0x0000000012630000,0x0000000012a30000] byte_map_base: 0x0000000012226000

Marking Bits: (ParMarkBitMap*) 0x0000000059775ce0
 Begin Bits: [0x00000000130e0000, 0x0000000015090000)
 End Bits:   [0x0000000015090000, 0x0000000017040000)

Polling page: 0x00000000017a0000

CodeCache: size=245760Kb used=8581Kb max_used=8592Kb free=237179Kb
 bounds [0x0000000003270000, 0x0000000003ae0000, 0x0000000012270000]
 total_blobs=3453 nmethods=2751 adapters=614
 compilation: enabled

Compilation events (10 events):
Event: 68.379 Thread 0x0000000017e0b000 nmethod 2974 0x0000000003ac8650 code [0x0000000003ac87e0, 0x0000000003ac8c70]
Event: 68.379 Thread 0x0000000017e0b000 2975       3       javafx.collections.ModifiableObservableListBase::<init> (5 bytes)
Event: 68.381 Thread 0x0000000017e0b000 nmethod 2975 0x0000000003ad9350 code [0x0000000003ad94e0, 0x0000000003ad98f0]
Event: 68.654 Thread 0x0000000017dde000 2976       4       java.util.HashMap$EntryIterator::next (5 bytes)
Event: 68.679 Thread 0x0000000017dde000 nmethod 2976 0x0000000003ac80d0 code [0x0000000003ac8220, 0x0000000003ac8418]
Event: 68.916 Thread 0x0000000017de6000 2977       4       com.sun.javafx.iio.ImageFormatDescription$Signature::matches (45 bytes)
Event: 68.924 Thread 0x0000000017dde000 2978       4       java.net.URLStreamHandler::parseURL (1193 bytes)
Event: 68.930 Thread 0x0000000017de6000 nmethod 2977 0x0000000003ad9b10 code [0x0000000003ad9c60, 0x0000000003ad9dd8]
Event: 68.959 Thread 0x0000000017de6000 2979       4       com.sun.prism.d3d.D3DShader::enable (52 bytes)
Event: 68.967 Thread 0x0000000017de6000 nmethod 2979 0x0000000003ad3050 code [0x0000000003ad31a0, 0x0000000003ad3288]

GC Heap History (10 events):
Event: 42.776 GC heap before
{Heap before GC invocations=7 (full 0):
 PSYoungGen      total 40448K, used 37457K [0x00000000d5c00000, 0x00000000d8d80000, 0x0000000100000000)
  eden space 32256K, 100% used [0x00000000d5c00000,0x00000000d7b80000,0x00000000d7b80000)
  from space 8192K, 63% used [0x00000000d8580000,0x00000000d8a94540,0x00000000d8d80000)
  to   space 9216K, 0% used [0x00000000d7b80000,0x00000000d7b80000,0x00000000d8480000)
 ParOldGen       total 87552K, used 5710K [0x0000000081400000, 0x0000000086980000, 0x00000000d5c00000)
  object space 87552K, 6% used [0x0000000081400000,0x0000000081993b98,0x0000000086980000)
 Metaspace       used 15948K, capacity 16592K, committed 16768K, reserved 1062912K
  class space    used 2134K, capacity 2312K, committed 2432K, reserved 1048576K
Event: 42.802 GC heap after
Heap after GC invocations=7 (full 0):
 PSYoungGen      total 40960K, used 416K [0x00000000d5c00000, 0x00000000d8e00000, 0x0000000100000000)
  eden space 31744K, 0% used [0x00000000d5c00000,0x00000000d5c00000,0x00000000d7b00000)
  from space 9216K, 4% used [0x00000000d7b80000,0x00000000d7be8000,0x00000000d8480000)
  to   space 9728K, 0% used [0x00000000d8480000,0x00000000d8480000,0x00000000d8e00000)
 ParOldGen       total 87552K, used 10701K [0x0000000081400000, 0x0000000086980000, 0x00000000d5c00000)
  object space 87552K, 12% used [0x0000000081400000,0x0000000081e737c0,0x0000000086980000)
 Metaspace       used 15948K, capacity 16592K, committed 16768K, reserved 1062912K
  class space    used 2134K, capacity 2312K, committed 2432K, reserved 1048576K
}
Event: 49.132 GC heap before
{Heap before GC invocations=8 (full 0):
 PSYoungGen      total 40960K, used 32160K [0x00000000d5c00000, 0x00000000d8e00000, 0x0000000100000000)
  eden space 31744K, 100% used [0x00000000d5c00000,0x00000000d7b00000,0x00000000d7b00000)
  from space 9216K, 4% used [0x00000000d7b80000,0x00000000d7be8000,0x00000000d8480000)
  to   space 9728K, 0% used [0x00000000d8480000,0x00000000d8480000,0x00000000d8e00000)
 ParOldGen       total 87552K, used 10701K [0x0000000081400000, 0x0000000086980000, 0x00000000d5c00000)
  object space 87552K, 12% used [0x0000000081400000,0x0000000081e737c0,0x0000000086980000)
 Metaspace       used 16046K, capacity 16656K, committed 17024K, reserved 1064960K
  class space    used 2134K, capacity 2312K, committed 2432K, reserved 1048576K
Event: 49.142 GC heap after
Heap after GC invocations=8 (full 0):
 PSYoungGen      total 40960K, used 512K [0x00000000d5c00000, 0x00000000d8e80000, 0x0000000100000000)
  eden space 31232K, 0% used [0x00000000d5c00000,0x00000000d5c00000,0x00000000d7a80000)
  from space 9728K, 5% used [0x00000000d8480000,0x00000000d8500000,0x00000000d8e00000)
  to   space 10240K, 0% used [0x00000000d7a80000,0x00000000d7a80000,0x00000000d8480000)
 ParOldGen       total 87552K, used 10725K [0x0000000081400000, 0x0000000086980000, 0x00000000d5c00000)
  object space 87552K, 12% used [0x0000000081400000,0x0000000081e797c0,0x0000000086980000)
 Metaspace       used 16046K, capacity 16656K, committed 17024K, reserved 1064960K
  class space    used 2134K, capacity 2312K, committed 2432K, reserved 1048576K
}
Event: 55.321 GC heap before
{Heap before GC invocations=9 (full 0):
 PSYoungGen      total 40960K, used 31744K [0x00000000d5c00000, 0x00000000d8e80000, 0x0000000100000000)
  eden space 31232K, 100% used [0x00000000d5c00000,0x00000000d7a80000,0x00000000d7a80000)
  from space 9728K, 5% used [0x00000000d8480000,0x00000000d8500000,0x00000000d8e00000)
  to   space 10240K, 0% used [0x00000000d7a80000,0x00000000d7a80000,0x00000000d8480000)
 ParOldGen       total 87552K, used 10725K [0x0000000081400000, 0x0000000086980000, 0x00000000d5c00000)
  object space 87552K, 12% used [0x0000000081400000,0x0000000081e797c0,0x0000000086980000)
 Metaspace       used 16351K, capacity 17018K, committed 17280K, reserved 1064960K
  class space    used 2175K, capacity 2365K, committed 2432K, reserved 1048576K
Event: 55.348 GC heap after
Heap after GC invocations=9 (full 0):
 PSYoungGen      total 31744K, used 576K [0x00000000d5c00000, 0x00000000d8e00000, 0x0000000100000000)
  eden space 30720K, 0% used [0x00000000d5c00000,0x00000000d5c00000,0x00000000d7a00000)
  from space 1024K, 56% used [0x00000000d7a80000,0x00000000d7b10000,0x00000000d7b80000)
  to   space 10240K, 0% used [0x00000000d8400000,0x00000000d8400000,0x00000000d8e00000)
 ParOldGen       total 87552K, used 10821K [0x0000000081400000, 0x0000000086980000, 0x00000000d5c00000)
  object space 87552K, 12% used [0x0000000081400000,0x0000000081e917c0,0x0000000086980000)
 Metaspace       used 16351K, capacity 17018K, committed 17280K, reserved 1064960K
  class space    used 2175K, capacity 2365K, committed 2432K, reserved 1048576K
}
Event: 59.442 GC heap before
{Heap before GC invocations=10 (full 0):
 PSYoungGen      total 31744K, used 31296K [0x00000000d5c00000, 0x00000000d8e00000, 0x0000000100000000)
  eden space 30720K, 100% used [0x00000000d5c00000,0x00000000d7a00000,0x00000000d7a00000)
  from space 1024K, 56% used [0x00000000d7a80000,0x00000000d7b10000,0x00000000d7b80000)
  to   space 10240K, 0% used [0x00000000d8400000,0x00000000d8400000,0x00000000d8e00000)
 ParOldGen       total 87552K, used 10821K [0x0000000081400000, 0x0000000086980000, 0x00000000d5c00000)
  object space 87552K, 12% used [0x0000000081400000,0x0000000081e917c0,0x0000000086980000)
 Metaspace       used 16370K, capacity 17018K, committed 17280K, reserved 1064960K
  class space    used 2176K, capacity 2365K, committed 2432K, reserved 1048576K
Event: 59.477 GC heap after
Heap after GC invocations=10 (full 0):
 PSYoungGen      total 39936K, used 480K [0x00000000d5c00000, 0x00000000d8d80000, 0x0000000100000000)
  eden space 30208K, 0% used [0x00000000d5c00000,0x00000000d5c00000,0x00000000d7980000)
  from space 9728K, 4% used [0x00000000d8400000,0x00000000d8478000,0x00000000d8d80000)
  to   space 10240K, 0% used [0x00000000d7980000,0x00000000d7980000,0x00000000d8380000)
 ParOldGen       total 87552K, used 10853K [0x0000000081400000, 0x0000000086980000, 0x00000000d5c00000)
  object space 87552K, 12% used [0x0000000081400000,0x0000000081e997c0,0x0000000086980000)
 Metaspace       used 16370K, capacity 17018K, committed 17280K, reserved 1064960K
  class space    used 2176K, capacity 2365K, committed 2432K, reserved 1048576K
}
Event: 66.057 GC heap before
{Heap before GC invocations=11 (full 0):
 PSYoungGen      total 39936K, used 30688K [0x00000000d5c00000, 0x00000000d8d80000, 0x0000000100000000)
  eden space 30208K, 100% used [0x00000000d5c00000,0x00000000d7980000,0x00000000d7980000)
  from space 9728K, 4% used [0x00000000d8400000,0x00000000d8478000,0x00000000d8d80000)
  to   space 10240K, 0% used [0x00000000d7980000,0x00000000d7980000,0x00000000d8380000)
 ParOldGen       total 87552K, used 10853K [0x0000000081400000, 0x0000000086980000, 0x00000000d5c00000)
  object space 87552K, 12% used [0x0000000081400000,0x0000000081e997c0,0x0000000086980000)
 Metaspace       used 16421K, capacity 17088K, committed 17280K, reserved 1064960K
  class space    used 2183K, capacity 2366K, committed 2432K, reserved 1048576K
Event: 66.067 GC heap after
Heap after GC invocations=11 (full 0):
 PSYoungGen      total 30208K, used 416K [0x00000000d5c00000, 0x00000000d8d00000, 0x0000000100000000)
  eden space 29696K, 0% used [0x00000000d5c00000,0x00000000d5c00000,0x00000000d7900000)
  from space 512K, 81% used [0x00000000d7980000,0x00000000d79e8000,0x00000000d7a00000)
  to   space 10240K, 0% used [0x00000000d8300000,0x00000000d8300000,0x00000000d8d00000)
 ParOldGen       total 87552K, used 11070K [0x0000000081400000, 0x0000000086980000, 0x00000000d5c00000)
  object space 87552K, 12% used [0x0000000081400000,0x0000000081ecfb00,0x0000000086980000)
 Metaspace       used 16421K, capacity 17088K, committed 17280K, reserved 1064960K
  class space    used 2183K, capacity 2366K, committed 2432K, reserved 1048576K
}

Deoptimization events (10 events):
Event: 55.044 Thread 0x0000000019b22800 Uncommon trap: reason=class_check action=maybe_recompile pc=0x00000000034dbf10 method=java.io.BufferedInputStream.read1([BII)I @ 39
Event: 55.085 Thread 0x0000000019b22800 Uncommon trap: reason=class_check action=maybe_recompile pc=0x0000000003414cdc method=javafx.scene.Node.updateLocalToParentTransform()V @ 11
Event: 55.212 Thread 0x0000000019b22800 Uncommon trap: reason=class_check action=maybe_recompile pc=0x0000000003414cdc method=javafx.scene.Node.updateLocalToParentTransform()V @ 11
Event: 55.213 Thread 0x0000000019b22800 Uncommon trap: reason=class_check action=maybe_recompile pc=0x0000000003414cdc method=javafx.scene.Node.updateLocalToParentTransform()V @ 11
Event: 55.248 Thread 0x0000000019ae3800 Uncommon trap: reason=unstable_if action=reinterpret pc=0x000000000341daac method=com.sun.javafx.font.CompositeStrike.getStrikeSlot(I)Lcom/sun/javafx/font/FontStrike; @ 8
Event: 55.249 Thread 0x0000000019ae3800 Uncommon trap: reason=null_check action=make_not_entrant pc=0x00000000039a972c method=com.sun.prism.impl.GlyphCache.getCachedGlyph(II)Lcom/sun/prism/impl/GlyphCache$GlyphData; @ 28
Event: 58.420 Thread 0x000000001f221000 Uncommon trap: reason=unstable_if action=reinterpret pc=0x00000000038d80c0 method=java.util.concurrent.locks.ReentrantLock$Sync.tryRelease(I)Z @ 28
Event: 58.420 Thread 0x000000001f221000 Uncommon trap: reason=unstable_if action=reinterpret pc=0x000000000370d5c4 method=java.util.ArrayList$Itr.checkForComodification()V @ 11
Event: 58.978 Thread 0x0000000019b22800 Uncommon trap: reason=unstable_if action=reinterpret pc=0x00000000039ab7ac method=com.sun.scenario.animation.shared.TimelineClipCore.playTo(J)V @ 160
Event: 58.979 Thread 0x0000000019b22800 Uncommon trap: reason=unstable_if action=reinterpret pc=0x000000000341e304 method=com.sun.scenario.animation.shared.InfiniteClipEnvelope.timePulse(J)V @ 164

Classes redefined (0 events):
No events

Internal exceptions (10 events):
Event: 68.890 Thread 0x0000000019b22800 Exception <a 'java/io/FileNotFoundException'> (0x00000000d6718e98) thrown at [C:\re\workspace\8-2-build-windows-amd64-cygwin\jdk8u211\12973\hotspot\src\share\vm\prims\jni.cpp, line 710]
Event: 68.894 Thread 0x0000000019b22800 Exception <a 'java/io/FileNotFoundException'> (0x00000000d6794a40) thrown at [C:\re\workspace\8-2-build-windows-amd64-cygwin\jdk8u211\12973\hotspot\src\share\vm\prims\jni.cpp, line 710]
Event: 68.898 Thread 0x0000000019b22800 Exception <a 'java/io/FileNotFoundException'> (0x00000000d679de30) thrown at [C:\re\workspace\8-2-build-windows-amd64-cygwin\jdk8u211\12973\hotspot\src\share\vm\prims\jni.cpp, line 710]
Event: 68.902 Thread 0x0000000019b22800 Exception <a 'java/io/FileNotFoundException'> (0x00000000d67a71f0) thrown at [C:\re\workspace\8-2-build-windows-amd64-cygwin\jdk8u211\12973\hotspot\src\share\vm\prims\jni.cpp, line 710]
Event: 68.905 Thread 0x0000000019b22800 Exception <a 'java/io/FileNotFoundException'> (0x00000000d67b05e0) thrown at [C:\re\workspace\8-2-build-windows-amd64-cygwin\jdk8u211\12973\hotspot\src\share\vm\prims\jni.cpp, line 710]
Event: 68.908 Thread 0x0000000019b22800 Exception <a 'java/io/FileNotFoundException'> (0x00000000d67b99a0) thrown at [C:\re\workspace\8-2-build-windows-amd64-cygwin\jdk8u211\12973\hotspot\src\share\vm\prims\jni.cpp, line 710]
Event: 68.912 Thread 0x0000000019b22800 Exception <a 'java/io/FileNotFoundException'> (0x00000000d67c2df0) thrown at [C:\re\workspace\8-2-build-windows-amd64-cygwin\jdk8u211\12973\hotspot\src\share\vm\prims\jni.cpp, line 710]
Event: 68.915 Thread 0x0000000019b22800 Exception <a 'java/io/FileNotFoundException'> (0x00000000d67cc1b0) thrown at [C:\re\workspace\8-2-build-windows-amd64-cygwin\jdk8u211\12973\hotspot\src\share\vm\prims\jni.cpp, line 710]
Event: 68.922 Thread 0x0000000019b22800 Exception <a 'java/io/FileNotFoundException'> (0x00000000d67d63c8) thrown at [C:\re\workspace\8-2-build-windows-amd64-cygwin\jdk8u211\12973\hotspot\src\share\vm\prims\jni.cpp, line 710]
Event: 68.926 Thread 0x0000000019b22800 Exception <a 'java/io/FileNotFoundException'> (0x00000000d67df788) thrown at [C:\re\workspace\8-2-build-windows-amd64-cygwin\jdk8u211\12973\hotspot\src\share\vm\prims\jni.cpp, line 710]

Events (10 events):
Event: 68.873 Thread 0x000000001f222800 Thread added: 0x000000001f222800
Event: 68.873 Thread 0x000000001f222800 Thread exited: 0x000000001f222800
Event: 68.946 Thread 0x000000001f222800 Thread added: 0x000000001f222800
Event: 68.953 Thread 0x000000001f222800 Thread exited: 0x000000001f222800
Event: 68.954 Thread 0x000000001f21f800 Thread added: 0x000000001f21f800
Event: 68.954 Thread 0x000000001f21f800 Thread exited: 0x000000001f21f800
Event: 69.050 Thread 0x000000001f21f800 Thread added: 0x000000001f21f800
Event: 69.051 Thread 0x000000001f21f800 Thread exited: 0x000000001f21f800
Event: 69.052 Thread 0x000000001f21f800 Thread added: 0x000000001f21f800
Event: 69.053 Thread 0x000000001f21f800 Thread exited: 0x000000001f21f800


Dynamic libraries:
0x00007ff71f7f0000 - 0x00007ff71f827000 	C:\Program Files\Java\jre1.8.0_211\bin\javaw.exe
0x00007fff326c0000 - 0x00007fff328b0000 	C:\WINDOWS\SYSTEM32\ntdll.dll
0x00007fff31d00000 - 0x00007fff31db2000 	C:\WINDOWS\System32\KERNEL32.DLL
0x00007fff2f650000 - 0x00007fff2f8f3000 	C:\WINDOWS\System32\KERNELBASE.dll
0x00007fff31f20000 - 0x00007fff31fc3000 	C:\WINDOWS\System32\ADVAPI32.dll
0x00007fff31fd0000 - 0x00007fff3206e000 	C:\WINDOWS\System32\msvcrt.dll
0x00007fff307c0000 - 0x00007fff30857000 	C:\WINDOWS\System32\sechost.dll
0x00007fff30b00000 - 0x00007fff30c20000 	C:\WINDOWS\System32\RPCRT4.dll
0x00007fff32070000 - 0x00007fff32204000 	C:\WINDOWS\System32\USER32.dll
0x00007fff2f9b0000 - 0x00007fff2f9d1000 	C:\WINDOWS\System32\win32u.dll
0x00007fff30780000 - 0x00007fff307a6000 	C:\WINDOWS\System32\GDI32.dll
0x00007fff305b0000 - 0x00007fff30744000 	C:\WINDOWS\System32\gdi32full.dll
0x00007fff2f9e0000 - 0x00007fff2fa7e000 	C:\WINDOWS\System32\msvcp_win.dll
0x00007fff30360000 - 0x00007fff3045a000 	C:\WINDOWS\System32\ucrtbase.dll
0x00007fff20da0000 - 0x00007fff21025000 	C:\WINDOWS\WinSxS\amd64_microsoft.windows.common-controls_6595b64144ccf1df_6.0.18362.476_none_e6c4b11b130f2595\COMCTL32.dll
0x00007fff314c0000 - 0x00007fff317f6000 	C:\WINDOWS\System32\combase.dll
0x00007fff2fa80000 - 0x00007fff2fb00000 	C:\WINDOWS\System32\bcryptPrimitives.dll
0x00007fff31490000 - 0x00007fff314be000 	C:\WINDOWS\System32\IMM32.DLL
0x0000000058df0000 - 0x0000000058ec2000 	C:\Program Files\Java\jre1.8.0_211\bin\msvcr100.dll
0x0000000058f50000 - 0x00000000597f5000 	C:\Program Files\Java\jre1.8.0_211\bin\server\jvm.dll
0x00007fff30770000 - 0x00007fff30778000 	C:\WINDOWS\System32\PSAPI.DLL
0x00007fff29880000 - 0x00007fff29889000 	C:\WINDOWS\SYSTEM32\WSOCK32.dll
0x00007fff31b30000 - 0x00007fff31b9f000 	C:\WINDOWS\System32\WS2_32.dll
0x00007fff2d0b0000 - 0x00007fff2d0d4000 	C:\WINDOWS\SYSTEM32\WINMM.dll
0x00007fff21100000 - 0x00007fff2110a000 	C:\WINDOWS\SYSTEM32\VERSION.dll
0x00007fff2d080000 - 0x00007fff2d0ad000 	C:\WINDOWS\SYSTEM32\WINMMBASE.dll
0x00007fff2f900000 - 0x00007fff2f94a000 	C:\WINDOWS\System32\cfgmgr32.dll
0x00007fff2d5c0000 - 0x00007fff2d5cf000 	C:\Program Files\Java\jre1.8.0_211\bin\verify.dll
0x00007fff20950000 - 0x00007fff20979000 	C:\Program Files\Java\jre1.8.0_211\bin\java.dll
0x00007fff25bb0000 - 0x00007fff25bc6000 	C:\Program Files\Java\jre1.8.0_211\bin\zip.dll
0x00007fff30da0000 - 0x00007fff31485000 	C:\WINDOWS\System32\SHELL32.dll
0x00007fff30cf0000 - 0x00007fff30d99000 	C:\WINDOWS\System32\shcore.dll
0x00007fff2fb30000 - 0x00007fff302ae000 	C:\WINDOWS\System32\windows.storage.dll
0x00007fff2f630000 - 0x00007fff2f64f000 	C:\WINDOWS\System32\profapi.dll
0x00007fff2f5a0000 - 0x00007fff2f5ea000 	C:\WINDOWS\System32\powrprof.dll
0x00007fff2f590000 - 0x00007fff2f5a0000 	C:\WINDOWS\System32\UMPDC.dll
0x00007fff30c90000 - 0x00007fff30ce2000 	C:\WINDOWS\System32\shlwapi.dll
0x00007fff2f610000 - 0x00007fff2f621000 	C:\WINDOWS\System32\kernel.appcore.dll
0x00007fff30750000 - 0x00007fff30767000 	C:\WINDOWS\System32\cryptsp.dll
0x0000000002fc0000 - 0x0000000002fc3000 	C:\Program Files\Java\jre1.8.0_211\bin\api-ms-win-core-console-l1-1-0.dll
0x0000000002fd0000 - 0x0000000002fd3000 	C:\Program Files\Java\jre1.8.0_211\bin\api-ms-win-core-datetime-l1-1-0.dll
0x0000000002fe0000 - 0x0000000002fe3000 	C:\Program Files\Java\jre1.8.0_211\bin\api-ms-win-core-debug-l1-1-0.dll
0x0000000002ff0000 - 0x0000000002ff3000 	C:\Program Files\Java\jre1.8.0_211\bin\api-ms-win-core-errorhandling-l1-1-0.dll
0x0000000003000000 - 0x0000000003004000 	C:\Program Files\Java\jre1.8.0_211\bin\api-ms-win-core-file-l1-1-0.dll
0x0000000003010000 - 0x0000000003013000 	C:\Program Files\Java\jre1.8.0_211\bin\api-ms-win-core-file-l1-2-0.dll
0x0000000003030000 - 0x0000000003033000 	C:\Program Files\Java\jre1.8.0_211\bin\api-ms-win-core-file-l2-1-0.dll
0x0000000003040000 - 0x0000000003043000 	C:\Program Files\Java\jre1.8.0_211\bin\api-ms-win-core-handle-l1-1-0.dll
0x0000000003050000 - 0x0000000003053000 	C:\Program Files\Java\jre1.8.0_211\bin\api-ms-win-core-heap-l1-1-0.dll
0x0000000019e40000 - 0x0000000019e43000 	C:\Program Files\Java\jre1.8.0_211\bin\api-ms-win-core-interlocked-l1-1-0.dll
0x0000000019e50000 - 0x0000000019e53000 	C:\Program Files\Java\jre1.8.0_211\bin\api-ms-win-core-libraryloader-l1-1-0.dll
0x0000000019e60000 - 0x0000000019e63000 	C:\Program Files\Java\jre1.8.0_211\bin\api-ms-win-core-localization-l1-2-0.dll
0x0000000019e70000 - 0x0000000019e73000 	C:\Program Files\Java\jre1.8.0_211\bin\api-ms-win-core-memory-l1-1-0.dll
0x0000000019e80000 - 0x0000000019e83000 	C:\Program Files\Java\jre1.8.0_211\bin\api-ms-win-core-namedpipe-l1-1-0.dll
0x0000000019e90000 - 0x0000000019e93000 	C:\Program Files\Java\jre1.8.0_211\bin\api-ms-win-core-processenvironment-l1-1-0.dll
0x0000000019ea0000 - 0x0000000019ea3000 	C:\Program Files\Java\jre1.8.0_211\bin\api-ms-win-core-processthreads-l1-1-0.dll
0x0000000019eb0000 - 0x0000000019eb3000 	C:\Program Files\Java\jre1.8.0_211\bin\api-ms-win-core-processthreads-l1-1-1.dll
0x0000000019ec0000 - 0x0000000019ec3000 	C:\Program Files\Java\jre1.8.0_211\bin\api-ms-win-core-profile-l1-1-0.dll
0x0000000019ed0000 - 0x0000000019ed3000 	C:\Program Files\Java\jre1.8.0_211\bin\api-ms-win-core-rtlsupport-l1-1-0.dll
0x0000000019ee0000 - 0x0000000019ee3000 	C:\Program Files\Java\jre1.8.0_211\bin\api-ms-win-core-string-l1-1-0.dll
0x0000000019ef0000 - 0x0000000019ef3000 	C:\Program Files\Java\jre1.8.0_211\bin\api-ms-win-core-synch-l1-1-0.dll
0x0000000019f00000 - 0x0000000019f03000 	C:\Program Files\Java\jre1.8.0_211\bin\api-ms-win-core-synch-l1-2-0.dll
0x0000000019f10000 - 0x0000000019f13000 	C:\Program Files\Java\jre1.8.0_211\bin\api-ms-win-core-sysinfo-l1-1-0.dll
0x0000000019f20000 - 0x0000000019f23000 	C:\Program Files\Java\jre1.8.0_211\bin\api-ms-win-core-timezone-l1-1-0.dll
0x0000000019f30000 - 0x0000000019f33000 	C:\Program Files\Java\jre1.8.0_211\bin\api-ms-win-core-util-l1-1-0.dll
0x0000000019f40000 - 0x0000000019f43000 	C:\Program Files\Java\jre1.8.0_211\bin\api-ms-win-crt-conio-l1-1-0.dll
0x0000000019f50000 - 0x0000000019f54000 	C:\Program Files\Java\jre1.8.0_211\bin\api-ms-win-crt-convert-l1-1-0.dll
0x0000000019f60000 - 0x0000000019f63000 	C:\Program Files\Java\jre1.8.0_211\bin\api-ms-win-crt-environment-l1-1-0.dll
0x0000000019f70000 - 0x0000000019f73000 	C:\Program Files\Java\jre1.8.0_211\bin\api-ms-win-crt-filesystem-l1-1-0.dll
0x0000000019f80000 - 0x0000000019f83000 	C:\Program Files\Java\jre1.8.0_211\bin\api-ms-win-crt-heap-l1-1-0.dll
0x0000000019f90000 - 0x0000000019f93000 	C:\Program Files\Java\jre1.8.0_211\bin\api-ms-win-crt-locale-l1-1-0.dll
0x0000000019fa0000 - 0x0000000019fa5000 	C:\Program Files\Java\jre1.8.0_211\bin\api-ms-win-crt-math-l1-1-0.dll
0x0000000019fb0000 - 0x0000000019fb5000 	C:\Program Files\Java\jre1.8.0_211\bin\api-ms-win-crt-multibyte-l1-1-0.dll
0x0000000019fc0000 - 0x0000000019fd0000 	C:\Program Files\Java\jre1.8.0_211\bin\api-ms-win-crt-private-l1-1-0.dll
0x0000000019fd0000 - 0x0000000019fd3000 	C:\Program Files\Java\jre1.8.0_211\bin\api-ms-win-crt-process-l1-1-0.dll
0x0000000019fe0000 - 0x0000000019fe4000 	C:\Program Files\Java\jre1.8.0_211\bin\api-ms-win-crt-runtime-l1-1-0.dll
0x0000000019ff0000 - 0x0000000019ff4000 	C:\Program Files\Java\jre1.8.0_211\bin\api-ms-win-crt-stdio-l1-1-0.dll
0x000000001a000000 - 0x000000001a004000 	C:\Program Files\Java\jre1.8.0_211\bin\api-ms-win-crt-string-l1-1-0.dll
0x000000001a010000 - 0x000000001a013000 	C:\Program Files\Java\jre1.8.0_211\bin\api-ms-win-crt-time-l1-1-0.dll
0x000000001a020000 - 0x000000001a023000 	C:\Program Files\Java\jre1.8.0_211\bin\api-ms-win-crt-utility-l1-1-0.dll
0x00007fff0b130000 - 0x00007fff0b226000 	C:\Program Files\Java\jre1.8.0_211\bin\ucrtbase.dll
0x00007fff1d9a0000 - 0x00007fff1d9b6000 	C:\Program Files\Java\jre1.8.0_211\bin\vcruntime140.dll
0x00007fff19050000 - 0x00007fff190fa000 	C:\Program Files\Java\jre1.8.0_211\bin\msvcp140.dll
0x00007fff1d940000 - 0x00007fff1d994000 	C:\Program Files\Java\jre1.8.0_211\bin\concrt140.dll
0x00007fff1a6e0000 - 0x00007fff1a703000 	C:\Program Files\Java\jre1.8.0_211\bin\prism_d3d.dll
0x00007ffef3a40000 - 0x00007ffef3c07000 	C:\WINDOWS\system32\d3d9.dll
0x00007fff2dd30000 - 0x00007fff2dd5d000 	C:\WINDOWS\SYSTEM32\dwmapi.dll
0x00007fff2e200000 - 0x00007fff2e220000 	C:\WINDOWS\SYSTEM32\dxcore.dll
0x00007fff2d910000 - 0x00007fff2d9a9000 	C:\WINDOWS\system32\uxtheme.dll
0x00007ffefe680000 - 0x00007fff00bbd000 	C:\WINDOWS\SYSTEM32\igdumdim64.dll
0x00007fff31e50000 - 0x00007fff31f14000 	C:\WINDOWS\System32\OLEAUT32.dll
0x00007fff31ba0000 - 0x00007fff31cf6000 	C:\WINDOWS\System32\ole32.dll
0x00007fff32210000 - 0x00007fff32680000 	C:\WINDOWS\System32\SETUPAPI.dll
0x00007fff2fb00000 - 0x00007fff2fb26000 	C:\WINDOWS\System32\bcrypt.dll
0x00007fff17fe0000 - 0x00007fff18029000 	C:\Program Files\Java\jre1.8.0_211\bin\glass.dll
0x00007fff31a60000 - 0x00007fff31b30000 	C:\WINDOWS\System32\COMDLG32.dll
0x00007fff30860000 - 0x00007fff30996000 	C:\WINDOWS\System32\MSCTF.dll
0x00007fff26880000 - 0x00007fff272c0000 	C:\WINDOWS\SYSTEM32\igdusc64.dll
0x00007fff05e60000 - 0x00007fff05f09000 	C:\Program Files\Java\jre1.8.0_211\bin\glib-lite.dll
0x00007fff04120000 - 0x00007fff04201000 	C:\Program Files\Java\jre1.8.0_211\bin\gstreamer-lite.dll
0x00007fff076e0000 - 0x00007fff07779000 	C:\WINDOWS\SYSTEM32\DSOUND.dll
0x00007fff19020000 - 0x00007fff19047000 	C:\Program Files\Java\jre1.8.0_211\bin\jfxmedia.dll
0x00007fff319b0000 - 0x00007fff31a52000 	C:\WINDOWS\System32\clbcatq.dll
0x00007fff2bf50000 - 0x00007fff2c03f000 	C:\WINDOWS\system32\propsys.dll
0x00007fff0b0f0000 - 0x00007fff0b121000 	C:\Program Files\Java\jre1.8.0_211\bin\fxplugins.dll
0x00007fff21670000 - 0x00007fff2168a000 	C:\Program Files\Java\jre1.8.0_211\bin\net.dll
0x00007fff22850000 - 0x00007fff22a26000 	C:\WINDOWS\SYSTEM32\urlmon.dll
0x00007fff22ca0000 - 0x00007fff22f46000 	C:\WINDOWS\SYSTEM32\iertutil.dll
0x00007fff2ef70000 - 0x00007fff2ef7c000 	C:\WINDOWS\SYSTEM32\CRYPTBASE.DLL
0x00007fff2eda0000 - 0x00007fff2ee07000 	C:\WINDOWS\system32\mswsock.dll
0x00007fff211c0000 - 0x00007fff211d2000 	C:\Program Files\Java\jre1.8.0_211\bin\nio.dll
0x00007fff260b0000 - 0x00007fff26122000 	C:\WINDOWS\System32\MMDevApi.dll
0x00007fff2f350000 - 0x00007fff2f37a000 	C:\WINDOWS\System32\DEVOBJ.dll
0x00007fff26160000 - 0x00007fff262bd000 	C:\WINDOWS\SYSTEM32\AUDIOSES.DLL
0x00007fff2b3a0000 - 0x00007fff2b4f3000 	C:\WINDOWS\SYSTEM32\wintypes.dll
0x00007fff2dc40000 - 0x00007fff2dc54000 	C:\WINDOWS\SYSTEM32\resourcepolicyclient.dll
0x00007fff2bb30000 - 0x00007fff2bb3a000 	C:\WINDOWS\SYSTEM32\avrt.dll
0x00007fff1ccf0000 - 0x00007fff1cd04000 	C:\Program Files\Java\jre1.8.0_211\bin\javafx_font.dll
0x00007fff29130000 - 0x00007fff2942e000 	C:\WINDOWS\SYSTEM32\dwrite.dll
0x00007fff2b1d0000 - 0x00007fff2b37f000 	C:\WINDOWS\SYSTEM32\WindowsCodecs.dll
0x00007fff1f3c0000 - 0x00007fff1f3fa000 	C:\WINDOWS\system32\dataexchange.dll
0x00007fff2c7e0000 - 0x00007fff2ca3b000 	C:\WINDOWS\system32\d3d11.dll
0x00007fff2cea0000 - 0x00007fff2d07b000 	C:\WINDOWS\system32\dcomp.dll
0x00007fff2e290000 - 0x00007fff2e37b000 	C:\WINDOWS\system32\dxgi.dll
0x00007fff2d9e0000 - 0x00007fff2dc3a000 	C:\WINDOWS\system32\twinapi.appcore.dll
0x00007fff2dd60000 - 0x00007fff2dd89000 	C:\WINDOWS\system32\RMCLIENT.dll
0x00007fff21e00000 - 0x00007fff21e33000 	C:\Program Files\Common Files\Microsoft Shared\Ink\rtscom.dll
0x00007fff25220000 - 0x00007fff252be000 	C:\WINDOWS\System32\TextInputFramework.dll
0x00007fff2b500000 - 0x00007fff2b82a000 	C:\WINDOWS\System32\CoreUIComponents.dll

VM Arguments:
jvm_args: -Dfile.encoding=Cp1252 
java_command: main.TowerDefenseRunner
java_class_path (initial): C:\Users\Bert_Real\Documents\CS 335\csc335-towerdef-lvb2-marrissa-ivan-albert\bin
Launcher Type: SUN_STANDARD

Environment Variables:
CLASSPATH=C:\Program Files\Java\jre-10\lib
PATH=C:/Program Files/Java/jre1.8.0_211/bin/server;C:/Program Files/Java/jre1.8.0_211/bin;C:/Program Files/Java/jre1.8.0_211/lib/amd64;C:\Program Files (x86)\Common Files\Oracle\Java\javapath;C:\ProgramData\Oracle\Java\javapath;C:\Program Files (x86)\Intel\iCLS Client\;C:\Program Files\Intel\iCLS Client\;C:\WINDOWS\system32;C:\WINDOWS;C:\WINDOWS\System32\Wbem;C:\WINDOWS\System32\WindowsPowerShell\v1.0\;C:\Program Files\Intel\WiFi\bin\;C:\Program Files\Common Files\Intel\WirelessCommon\;C:\Program Files\Intel\Intel(R) Management Engine Components\DAL;C:\Program Files (x86)\Intel\Intel(R) Management Engine Components\DAL;C:\Program Files\Intel\Intel(R) Management Engine Components\IPT;C:\Program Files (x86)\Intel\Intel(R) Management Engine Components\IPT;C:\Program Files\Microsoft SQL Server\130\Tools\Binn\;C:\Program Files (x86)\GtkSharp\2.12\bin;C:\WINDOWS\System32\OpenSSH\;C:\Program Files\nodejs\;C:\Users\Bert_Real\AppData\Local\Programs\Python\Python37-32\Scripts\;C:\Users\Bert_Real\AppData\Local\Programs\Python\Python37-32\;C:\Users\Bert_Real\AppData\Local\Microsoft\WindowsApps;C:\Users\Bert_Real\AppData\Roaming\npm;c:\program files\java\jdk1.8.0\bin;;C:\Users\Bert_Real\Desktop;
USERNAME=Bert_Real
OS=Windows_NT
PROCESSOR_IDENTIFIER=Intel64 Family 6 Model 61 Stepping 4, GenuineIntel



---------------  S Y S T E M  ---------------

OS: Windows 10.0 , 64 bit Build 18362 (10.0.18362.329)

CPU:total 4 (initial active 4) (2 cores per cpu, 2 threads per core) family 6 model 61 stepping 4, cmov, cx8, fxsr, mmx, sse, sse2, sse3, ssse3, sse4.1, sse4.2, popcnt, avx, avx2, aes, clmul, erms, 3dnowpref, lzcnt, ht, tsc, tscinvbit, bmi1, bmi2, adx

Memory: 4k page, physical 8301904k(1246900k free), swap 33467728k(2244k free)

vm_info: Java HotSpot(TM) 64-Bit Server VM (25.211-b12) for windows-amd64 JRE (1.8.0_211-b12), built on Apr  1 2019 20:53:26 by "java_re" with MS VC++ 10.0 (VS2010)

time: Tue Dec 10 07:22:47 2019
timezone: US Mountain Standard Time
elapsed time: 69 seconds (0d 0h 1m 9s)

